[debug] [2023-11-12T10:52:29.416Z] ----------------------------------------------------------------------
[debug] [2023-11-12T10:52:29.421Z] Command:       C:\Program Files\nodejs\node.exe C:\Users\JYOTHI PRAKASH\AppData\Roaming\npm\node_modules\firebase-tools\lib\bin\firebase.js init
[debug] [2023-11-12T10:52:29.422Z] CLI Version:   12.8.1
[debug] [2023-11-12T10:52:29.422Z] Platform:      win32
[debug] [2023-11-12T10:52:29.422Z] Node Version:  v18.14.0
[debug] [2023-11-12T10:52:29.428Z] Time:          Sun Nov 12 2023 16:22:29 GMT+0530 (India Standard Time)
[debug] [2023-11-12T10:52:29.428Z] ----------------------------------------------------------------------
[debug] 
[debug] [2023-11-12T10:52:29.441Z] > command requires scopes: ["email","openid","https://www.googleapis.com/auth/cloudplatformprojects.readonly","https://www.googleapis.com/auth/firebase","https://www.googleapis.com/auth/cloud-platform"]
[debug] [2023-11-12T10:52:29.441Z] > authorizing via signed-in user (jyothiprakashthundil@gmail.com)
[info] 
     ######## #### ########  ######## ########     ###     ######  ########
     ##        ##  ##     ## ##       ##     ##  ##   ##  ##       ##
     ######    ##  ########  ######   ########  #########  ######  ######
     ##        ##  ##    ##  ##       ##     ## ##     ##       ## ##
     ##       #### ##     ## ######## ########  ##     ##  ######  ########

You're about to initialize a Firebase project in this directory:

  D:\LUMINAR\REACT\firebase

[info] 
=== Project Setup
[info] 
[info] First, let's associate this project directory with a Firebase project.
[info] You can create multiple project aliases by running firebase use --add, 
[info] but for now we'll just set up a default project.
[info] 
[debug] [2023-11-12T10:52:42.609Z] > refreshing access token with scopes: []
[debug] [2023-11-12T10:52:42.613Z] >>> [apiv2][query] POST https://www.googleapis.com/oauth2/v3/token [none]
[debug] [2023-11-12T10:52:42.613Z] >>> [apiv2][body] POST https://www.googleapis.com/oauth2/v3/token [omitted]
[debug] [2023-11-12T10:52:48.995Z] <<< [apiv2][status] POST https://www.googleapis.com/oauth2/v3/token 200
[debug] [2023-11-12T10:52:48.995Z] <<< [apiv2][body] POST https://www.googleapis.com/oauth2/v3/token [omitted]
[debug] [2023-11-12T10:52:49.010Z] >>> [apiv2][query] GET https://firebase.googleapis.com/v1beta1/projects pageSize=100
[debug] [2023-11-12T10:52:59.535Z] *** [apiv2] error from fetch(https://firebase.googleapis.com/v1beta1/projects?pageSize=100, {"headers":{},"method":"GET","signal":{}}): FetchError: request to https://firebase.googleapis.com/v1beta1/projects?pageSize=100 failed, reason: socket hang up
[debug] [2023-11-12T10:52:59.536Z] Failed to make request to https://firebase.googleapis.com/v1beta1/projects?pageSize=100
[debug] [2023-11-12T10:53:00.415Z] FirebaseError: Failed to make request to https://firebase.googleapis.com/v1beta1/projects?pageSize=100
    at RetryOperation._fn (C:\Users\JYOTHI PRAKASH\AppData\Roaming\npm\node_modules\firebase-tools\lib\apiv2.js:239:31)
    at process.processTicksAndRejections (node:internal/process/task_queues:95:5)
[error] 
[error] Error: Failed to list Firebase projects. See firebase-debug.log for more info.
